0 info it worked if it ends with ok
1 verbose cli [ 'node',
1 verbose cli   '/home/abalmos/.npm_prefix/bin/npm',
1 verbose cli   'install',
1 verbose cli   '--save',
1 verbose cli   'bcryot' ]
2 info using npm@2.0.2
3 info using node@v0.10.25
4 verbose node symlink /usr/bin/node
5 warn package.json oada-ref-auth@0.0.1 No repository field.
6 verbose readDependencies using package.json deps
7 verbose cache add [ 'bcryot', null ]
8 verbose cache add spec="bcryot" args=["bcryot",null]
9 verbose parsed spec { raw: 'bcryot',
9 verbose parsed spec   scope: null,
9 verbose parsed spec   name: 'bcryot',
9 verbose parsed spec   rawSpec: '',
9 verbose parsed spec   spec: '*',
9 verbose parsed spec   type: 'range' }
10 verbose parsed spec { raw: 'bcryot',
10 verbose parsed spec   scope: null,
10 verbose parsed spec   name: 'bcryot',
10 verbose parsed spec   rawSpec: '',
10 verbose parsed spec   spec: '*',
10 verbose parsed spec   type: 'range' }
11 verbose addNamed [ 'bcryot', '*' ]
12 verbose addNamed [ null, '*' ]
13 silly lockFile 31d0094b-bcryot bcryot@*
14 verbose lock bcryot@* /home/abalmos/.npm/31d0094b-bcryot.lock
15 silly addNameRange { name: 'bcryot', range: '*', hasData: false }
16 verbose mapToRegistry name bcryot
17 verbose mapToRegistry uri https://registry.npmjs.org/bcryot
18 verbose request on initialization, where is /bcryot
19 verbose request after pass 1, where is /bcryot
20 verbose request url raw /bcryot
21 verbose request resolving registry [ 'https://registry.npmjs.org/', './bcryot' ]
22 verbose request after pass 2, where is https://registry.npmjs.org/bcryot
23 verbose request no auth needed
24 info attempt registry request try #1 at 18:41:38
25 verbose request id 5d436b964ace5440
26 http request GET https://registry.npmjs.org/bcryot
27 http 404 https://registry.npmjs.org/bcryot
28 verbose headers { date: 'Wed, 17 Dec 2014 23:41:37 GMT',
28 verbose headers   server: 'CouchDB/1.5.0 (Erlang OTP/R16B03)',
28 verbose headers   'content-type': 'application/json',
28 verbose headers   'cache-control': 'max-age=0',
28 verbose headers   'content-length': '52',
28 verbose headers   'accept-ranges': 'bytes',
28 verbose headers   via: '1.1 varnish',
28 verbose headers   age: '0',
28 verbose headers   'x-served-by': 'cache-dfw1830-DFW',
28 verbose headers   'x-cache': 'MISS',
28 verbose headers   'x-cache-hits': '0',
28 verbose headers   'x-timer': 'S1418859697.824006,VS0,VE43',
28 verbose headers   'keep-alive': 'timeout=10, max=50',
28 verbose headers   connection: 'Keep-Alive' }
29 silly registry.get cb [ 404,
29 silly registry.get   { date: 'Wed, 17 Dec 2014 23:41:37 GMT',
29 silly registry.get     server: 'CouchDB/1.5.0 (Erlang OTP/R16B03)',
29 silly registry.get     'content-type': 'application/json',
29 silly registry.get     'cache-control': 'max-age=0',
29 silly registry.get     'content-length': '52',
29 silly registry.get     'accept-ranges': 'bytes',
29 silly registry.get     via: '1.1 varnish',
29 silly registry.get     age: '0',
29 silly registry.get     'x-served-by': 'cache-dfw1830-DFW',
29 silly registry.get     'x-cache': 'MISS',
29 silly registry.get     'x-cache-hits': '0',
29 silly registry.get     'x-timer': 'S1418859697.824006,VS0,VE43',
29 silly registry.get     'keep-alive': 'timeout=10, max=50',
29 silly registry.get     connection: 'Keep-Alive' } ]
30 silly lockFile 31d0094b-bcryot bcryot@*
31 silly lockFile 31d0094b-bcryot bcryot@*
32 verbose stack Error: 404 Not Found: bcryot
32 verbose stack     at RegClient.<anonymous> (/home/abalmos/.npm_prefix/lib/node_modules/npm/node_modules/npm-registry-client/lib/request.js:258:14)
32 verbose stack     at Request._callback (/home/abalmos/.npm_prefix/lib/node_modules/npm/node_modules/npm-registry-client/lib/request.js:197:65)
32 verbose stack     at Request.self.callback (/home/abalmos/.npm_prefix/lib/node_modules/npm/node_modules/request/request.js:237:22)
32 verbose stack     at Request.EventEmitter.emit (events.js:98:17)
32 verbose stack     at Request.<anonymous> (/home/abalmos/.npm_prefix/lib/node_modules/npm/node_modules/request/request.js:1146:14)
32 verbose stack     at Request.EventEmitter.emit (events.js:117:20)
32 verbose stack     at IncomingMessage.<anonymous> (/home/abalmos/.npm_prefix/lib/node_modules/npm/node_modules/request/request.js:1097:12)
32 verbose stack     at IncomingMessage.EventEmitter.emit (events.js:117:20)
32 verbose stack     at _stream_readable.js:920:16
32 verbose stack     at process._tickCallback (node.js:415:13)
33 verbose statusCode 404
34 verbose pkgid bcryot
35 verbose cwd /home/abalmos/git/oada/oada-ref-auth-js/db/mongo
36 error Linux 3.16.0-28-generic
37 error argv "node" "/home/abalmos/.npm_prefix/bin/npm" "install" "--save" "bcryot"
38 error node v0.10.25
39 error npm  v2.0.2
40 error code E404
41 error 404 Not Found: bcryot
41 error 404
41 error 404 'bcryot' is not in the npm registry.
41 error 404 You should bug the author to publish it (or use the name yourself!)
41 error 404 It was specified as a dependency of 'oada-ref-auth'
41 error 404
41 error 404 Note that you can also install from a
41 error 404 tarball, folder, http url, or git url.
42 verbose exit [ 1, true ]
